<?xml version="1.0"?>
<doc>
<assembly>
<name>
TestResults
</name>
</assembly>
<members>
<member name="T:TestResults.My.Resources.Resources">
<summary>
  A strongly-typed resource class, for looking up localized strings, etc.
</summary>
</member>
<member name="P:TestResults.My.Resources.Resources.ResourceManager">
<summary>
  Returns the cached ResourceManager instance used by this class.
</summary>
</member>
<member name="P:TestResults.My.Resources.Resources.Culture">
<summary>
  Overrides the current thread's CurrentUICulture property for all
  resource lookups using this strongly typed resource class.
</summary>
</member>
<member name="P:TestResults.My.Resources.Resources.ApplicationIcon">
<summary>
  Looks up a localized resource of type System.Drawing.Icon similar to (Icon).
</summary>
</member>
<member name="P:TestResults.My.Resources.Resources.Background">
<summary>
  Looks up a localized resource of type System.Drawing.Bitmap.
</summary>
</member>
<member name="P:TestResults.My.Resources.Resources.Rate_Reach_ATT">
<summary>
  Looks up a localized resource of type System.Byte[].
</summary>
</member>
<member name="P:TestResults.My.Resources.Resources.Rate_Reach_Basic">
<summary>
  Looks up a localized resource of type System.Byte[].
</summary>
</member>
<member name="P:TestResults.My.Resources.Resources.Rate_Reach_Template_coax_ATT">
<summary>
  Looks up a localized resource of type System.Byte[].
</summary>
</member>
<member name="P:TestResults.My.Resources.Resources.Showtime">
<summary>
  Looks up a localized resource of type System.Byte[].
</summary>
</member>
</members>
</doc>
